<?xml version="1.0" encoding="UTF-8"?>
<!-- Generated by org.testng.reporters.JUnitReportReporter -->
<testsuite hostname="DESKTOP-UB4VEAP" failures="0" tests="5" name="TestsCases.LoginTest" time="6.748" errors="0" timestamp="2023-11-13T02:24:03 CST" skipped="4">
  <testcase classname="TestsCases.LoginTest" name="verifyLoginWithValidCredentials" time="6.748"/>
  <testcase classname="TestsCases.LoginTest" name="verfiyLoginWithInvalidNoCredentials">
    <skipped/>
  </testcase> <!-- verfiyLoginWithInvalidNoCredentials -->
  <testcase classname="TestsCases.LoginTest" name="verfiyLoginWithInvalidCredentials">
    <skipped/>
  </testcase> <!-- verfiyLoginWithInvalidCredentials -->
  <testcase classname="TestsCases.LoginTest" name="verfiyLoginWithValidEmailAndInvalidPassword">
    <skipped/>
  </testcase> <!-- verfiyLoginWithValidEmailAndInvalidPassword -->
  <testcase classname="TestsCases.LoginTest" name="verfiyLoginWithInvalidEmailAndvalidPassword">
    <skipped/>
  </testcase> <!-- verfiyLoginWithInvalidEmailAndvalidPassword -->
</testsuite> <!-- TestsCases.LoginTest -->
