<?xml version="1.0" encoding="UTF-8"?>
<!-- Generated by org.testng.reporters.JUnitReportReporter -->
<testsuite hostname="DESKTOP-UB4VEAP" failures="0" tests="2" name="TestsCases.CheckoutTest" time="5.855" errors="0" timestamp="2023-11-13T02:24:03 CST" skipped="1">
  <testcase classname="TestsCases.CheckoutTest" name="checkoutTest" time="5.855"/>
  <testcase classname="TestsCases.CheckoutTest" name="verifyCheckoutWithNoPersonalDetails">
    <skipped/>
  </testcase> <!-- verifyCheckoutWithNoPersonalDetails -->
</testsuite> <!-- TestsCases.CheckoutTest -->
