<?xml version="1.0" encoding="UTF-8"?>
<!-- Generated by org.testng.reporters.JUnitReportReporter -->
<testsuite hostname="DESKTOP-UB4VEAP" failures="0" tests="3" name="TestsCases.RegisterTest" time="6.016" errors="0" timestamp="2023-11-13T02:28:03 CST" skipped="2">
  <testcase classname="TestsCases.RegisterTest" name="verifyRegisterWithAllDetail" time="6.016"/>
  <testcase classname="TestsCases.RegisterTest" name="verifyRegisterWithNoDetails">
    <skipped/>
  </testcase> <!-- verifyRegisterWithNoDetails -->
  <testcase classname="TestsCases.RegisterTest" name="verifyRegisterWithExistingEmail">
    <skipped/>
  </testcase> <!-- verifyRegisterWithExistingEmail -->
</testsuite> <!-- TestsCases.RegisterTest -->
