<?xml version="1.0" encoding="UTF-8"?>
<!-- Generated by org.testng.reporters.JUnitReportReporter -->
<testsuite hostname="DESKTOP-UB4VEAP" failures="0" tests="3" name="TestsCases.SearchTest" time="14.199" errors="0" timestamp="2023-11-13T02:28:03 CST" skipped="0">
  <testcase classname="TestsCases.SearchTest" name="searchProductTest" time="4.708"/>
  <testcase classname="TestsCases.SearchTest" name="verifySearchWithInvalidProduct" time="4.698"/>
  <testcase classname="TestsCases.SearchTest" name="verifySearchWithNovalidProduct" time="4.793"/>
</testsuite> <!-- TestsCases.SearchTest -->
